[08-Sep-2017 10:47:36 UTC] PHP Warning:  PDO::query(): SQLSTATE[42000]: Syntax error or access violation: 1064 You have an error in your SQL syntax; check the manual that corresponds to your MySQL server version for the right syntax to use near 'where type='message'' at line 1 in /home/ubuntu/workspace/modif/deletemessage.php on line 10
[08-Sep-2017 10:47:36 UTC] PHP Stack trace:
[08-Sep-2017 10:47:36 UTC] PHP   1. {main}() /home/ubuntu/workspace/modif/deletemessage.php:0
[08-Sep-2017 10:47:36 UTC] PHP   2. PDO->query() /home/ubuntu/workspace/modif/deletemessage.php:10
[08-Sep-2017 10:47:36 UTC] PHP Fatal error:  Call to a member function fetch() on a non-object in /home/ubuntu/workspace/modif/deletemessage.php on line 11
[08-Sep-2017 10:47:36 UTC] PHP Stack trace:
[08-Sep-2017 10:47:36 UTC] PHP   1. {main}() /home/ubuntu/workspace/modif/deletemessage.php:0
[08-Sep-2017 10:48:19 UTC] PHP Warning:  PDO::query(): SQLSTATE[42000]: Syntax error or access violation: 1064 You have an error in your SQL syntax; check the manual that corresponds to your MySQL server version for the right syntax to use near 'where type = 'message'' at line 1 in /home/ubuntu/workspace/modif/deletemessage.php on line 10
[08-Sep-2017 10:48:19 UTC] PHP Stack trace:
[08-Sep-2017 10:48:19 UTC] PHP   1. {main}() /home/ubuntu/workspace/modif/deletemessage.php:0
[08-Sep-2017 10:48:19 UTC] PHP   2. PDO->query() /home/ubuntu/workspace/modif/deletemessage.php:10
[08-Sep-2017 10:48:19 UTC] PHP Fatal error:  Call to a member function fetch() on a non-object in /home/ubuntu/workspace/modif/deletemessage.php on line 11
[08-Sep-2017 10:48:19 UTC] PHP Stack trace:
[08-Sep-2017 10:48:19 UTC] PHP   1. {main}() /home/ubuntu/workspace/modif/deletemessage.php:0
[09-Sep-2017 20:46:05 UTC] PHP Warning:  getimagesize(../img/1.jpg): failed to open stream: No such file or directory in /home/ubuntu/workspace/modif/addphoto.php on line 38
[09-Sep-2017 20:46:05 UTC] PHP Stack trace:
[09-Sep-2017 20:46:05 UTC] PHP   1. {main}() /home/ubuntu/workspace/modif/addphoto.php:0
[09-Sep-2017 20:46:05 UTC] PHP   2. getimagesize() /home/ubuntu/workspace/modif/addphoto.php:38
[11-Sep-2017 16:58:41 UTC] PHP Warning:  PDO::query(): SQLSTATE[42000]: Syntax error or access violation: 1064 You have an error in your SQL syntax; check the manual that corresponds to your MySQL server version for the right syntax to use near '8' at line 1 in /home/ubuntu/workspace/modif/deletephoto.php on line 28
[11-Sep-2017 16:58:41 UTC] PHP Stack trace:
[11-Sep-2017 16:58:41 UTC] PHP   1. {main}() /home/ubuntu/workspace/modif/deletephoto.php:0
[11-Sep-2017 16:58:41 UTC] PHP   2. PDO->query() /home/ubuntu/workspace/modif/deletephoto.php:28
[11-Sep-2017 16:58:41 UTC] PHP Fatal error:  Call to a member function fetch() on a non-object in /home/ubuntu/workspace/modif/deletephoto.php on line 29
[11-Sep-2017 16:58:41 UTC] PHP Stack trace:
[11-Sep-2017 16:58:41 UTC] PHP   1. {main}() /home/ubuntu/workspace/modif/deletephoto.php:0
[11-Sep-2017 17:00:53 UTC] PHP Fatal error:  Call to a member function execute() on a non-object in /home/ubuntu/workspace/modif/deletephoto.php on line 29
[11-Sep-2017 17:00:53 UTC] PHP Stack trace:
[11-Sep-2017 17:00:53 UTC] PHP   1. {main}() /home/ubuntu/workspace/modif/deletephoto.php:0
[11-Sep-2017 17:01:46 UTC] PHP Warning:  PDOStatement::execute(): SQLSTATE[HY093]: Invalid parameter number: parameter was not defined in /home/ubuntu/workspace/modif/deletephoto.php on line 31
[11-Sep-2017 17:01:46 UTC] PHP Stack trace:
[11-Sep-2017 17:01:46 UTC] PHP   1. {main}() /home/ubuntu/workspace/modif/deletephoto.php:0
[11-Sep-2017 17:01:46 UTC] PHP   2. PDOStatement->execute() /home/ubuntu/workspace/modif/deletephoto.php:31
[11-Sep-2017 17:01:46 UTC] PHP Warning:  PDOStatement::execute(): SQLSTATE[HY093]: Invalid parameter number in /home/ubuntu/workspace/modif/deletephoto.php on line 31
[11-Sep-2017 17:01:46 UTC] PHP Stack trace:
[11-Sep-2017 17:01:46 UTC] PHP   1. {main}() /home/ubuntu/workspace/modif/deletephoto.php:0
[11-Sep-2017 17:01:46 UTC] PHP   2. PDOStatement->execute() /home/ubuntu/workspace/modif/deletephoto.php:31
[11-Sep-2017 17:01:46 UTC] PHP Warning:  PDOStatement::execute(): SQLSTATE[HY093]: Invalid parameter number: parameter was not defined in /home/ubuntu/workspace/modif/deletephoto.php on line 31
[11-Sep-2017 17:01:46 UTC] PHP Stack trace:
[11-Sep-2017 17:01:46 UTC] PHP   1. {main}() /home/ubuntu/workspace/modif/deletephoto.php:0
[11-Sep-2017 17:01:46 UTC] PHP   2. PDOStatement->execute() /home/ubuntu/workspace/modif/deletephoto.php:31
[11-Sep-2017 17:01:46 UTC] PHP Warning:  PDOStatement::execute(): SQLSTATE[HY093]: Invalid parameter number in /home/ubuntu/workspace/modif/deletephoto.php on line 31
[11-Sep-2017 17:01:46 UTC] PHP Stack trace:
[11-Sep-2017 17:01:46 UTC] PHP   1. {main}() /home/ubuntu/workspace/modif/deletephoto.php:0
[11-Sep-2017 17:01:46 UTC] PHP   2. PDOStatement->execute() /home/ubuntu/workspace/modif/deletephoto.php:31
[11-Sep-2017 17:02:12 UTC] PHP Warning:  PDOStatement::execute(): SQLSTATE[HY093]: Invalid parameter number: parameter was not defined in /home/ubuntu/workspace/modif/deletephoto.php on line 31
[11-Sep-2017 17:02:12 UTC] PHP Stack trace:
[11-Sep-2017 17:02:12 UTC] PHP   1. {main}() /home/ubuntu/workspace/modif/deletephoto.php:0
[11-Sep-2017 17:02:12 UTC] PHP   2. PDOStatement->execute() /home/ubuntu/workspace/modif/deletephoto.php:31
[11-Sep-2017 17:02:12 UTC] PHP Warning:  PDOStatement::execute(): SQLSTATE[HY093]: Invalid parameter number in /home/ubuntu/workspace/modif/deletephoto.php on line 31
[11-Sep-2017 17:02:12 UTC] PHP Stack trace:
[11-Sep-2017 17:02:12 UTC] PHP   1. {main}() /home/ubuntu/workspace/modif/deletephoto.php:0
[11-Sep-2017 17:02:12 UTC] PHP   2. PDOStatement->execute() /home/ubuntu/workspace/modif/deletephoto.php:31
[11-Sep-2017 17:02:12 UTC] PHP Warning:  PDOStatement::execute(): SQLSTATE[HY093]: Invalid parameter number: parameter was not defined in /home/ubuntu/workspace/modif/deletephoto.php on line 31
[11-Sep-2017 17:02:12 UTC] PHP Stack trace:
[11-Sep-2017 17:02:12 UTC] PHP   1. {main}() /home/ubuntu/workspace/modif/deletephoto.php:0
[11-Sep-2017 17:02:12 UTC] PHP   2. PDOStatement->execute() /home/ubuntu/workspace/modif/deletephoto.php:31
[11-Sep-2017 17:02:12 UTC] PHP Warning:  PDOStatement::execute(): SQLSTATE[HY093]: Invalid parameter number in /home/ubuntu/workspace/modif/deletephoto.php on line 31
[11-Sep-2017 17:02:12 UTC] PHP Stack trace:
[11-Sep-2017 17:02:12 UTC] PHP   1. {main}() /home/ubuntu/workspace/modif/deletephoto.php:0
[11-Sep-2017 17:02:12 UTC] PHP   2. PDOStatement->execute() /home/ubuntu/workspace/modif/deletephoto.php:31
[11-Sep-2017 17:08:40 UTC] PHP Catchable fatal error:  Object of class PDOStatement could not be converted to string in /home/ubuntu/workspace/modif/deletephoto.php on line 32
[11-Sep-2017 17:08:40 UTC] PHP Stack trace:
[11-Sep-2017 17:08:40 UTC] PHP   1. {main}() /home/ubuntu/workspace/modif/deletephoto.php:0
[11-Sep-2017 17:11:38 UTC] PHP Fatal error:  Uncaught exception 'PDOException' with message 'SQLSTATE[42000]: Syntax error or access violation: 1064 You have an error in your SQL syntax; check the manual that corresponds to your MySQL server version for the right syntax to use near '8' at line 1' in /home/ubuntu/workspace/modif/deletephoto.php:30
Stack trace:
#0 /home/ubuntu/workspace/modif/deletephoto.php(30): PDO->query('8')
#1 {main}
  thrown in /home/ubuntu/workspace/modif/deletephoto.php on line 30
[11-Sep-2017 17:12:58 UTC] PHP Fatal error:  Uncaught exception 'PDOException' with message 'SQLSTATE[42000]: Syntax error or access violation: 1064 You have an error in your SQL syntax; check the manual that corresponds to your MySQL server version for the right syntax to use near '8' at line 1' in /home/ubuntu/workspace/modif/deletephoto.php:34
Stack trace:
#0 /home/ubuntu/workspace/modif/deletephoto.php(34): PDO->query('8')
#1 {main}
  thrown in /home/ubuntu/workspace/modif/deletephoto.php on line 34
[11-Sep-2017 17:13:17 UTC] PHP Fatal error:  Uncaught exception 'PDOException' with message 'SQLSTATE[42000]: Syntax error or access violation: 1064 You have an error in your SQL syntax; check the manual that corresponds to your MySQL server version for the right syntax to use near '8' at line 1' in /home/ubuntu/workspace/modif/deletephoto.php:34
Stack trace:
#0 /home/ubuntu/workspace/modif/deletephoto.php(34): PDO->query('8')
#1 {main}
  thrown in /home/ubuntu/workspace/modif/deletephoto.php on line 34
[11-Sep-2017 17:14:02 UTC] PHP Fatal error:  Call to a member function fetch() on a non-object in /home/ubuntu/workspace/modif/deletephoto.php on line 40
[11-Sep-2017 17:14:02 UTC] PHP Stack trace:
[11-Sep-2017 17:14:02 UTC] PHP   1. {main}() /home/ubuntu/workspace/modif/deletephoto.php:0
[11-Sep-2017 17:14:27 UTC] PHP Fatal error:  Uncaught exception 'PDOException' with message 'SQLSTATE[42000]: Syntax error or access violation: 1064 You have an error in your SQL syntax; check the manual that corresponds to your MySQL server version for the right syntax to use near '8' at line 1' in /home/ubuntu/workspace/modif/deletephoto.php:34
Stack trace:
#0 /home/ubuntu/workspace/modif/deletephoto.php(34): PDO->query('8')
#1 {main}
  thrown in /home/ubuntu/workspace/modif/deletephoto.php on line 34
[11-Sep-2017 17:23:20 UTC] PHP Warning:  getimagesize(../img/2.jpg): failed to open stream: No such file or directory in /home/ubuntu/workspace/modif/addphoto.php on line 38
[11-Sep-2017 17:23:20 UTC] PHP Stack trace:
[11-Sep-2017 17:23:20 UTC] PHP   1. {main}() /home/ubuntu/workspace/modif/addphoto.php:0
[11-Sep-2017 17:23:20 UTC] PHP   2. getimagesize() /home/ubuntu/workspace/modif/addphoto.php:38
[11-Sep-2017 17:24:52 UTC] PHP Warning:  getimagesize(../img/4.jpg): failed to open stream: No such file or directory in /home/ubuntu/workspace/modif/addphoto.php on line 38
[11-Sep-2017 17:24:52 UTC] PHP Stack trace:
[11-Sep-2017 17:24:52 UTC] PHP   1. {main}() /home/ubuntu/workspace/modif/addphoto.php:0
[11-Sep-2017 17:24:52 UTC] PHP   2. getimagesize() /home/ubuntu/workspace/modif/addphoto.php:38
[11-Sep-2017 18:32:09 UTC] PHP Warning:  getimagesize(../img/9.): failed to open stream: No such file or directory in /home/ubuntu/workspace/modif/addphoto.php on line 34
[11-Sep-2017 18:32:09 UTC] PHP Stack trace:
[11-Sep-2017 18:32:09 UTC] PHP   1. {main}() /home/ubuntu/workspace/modif/addphoto.php:0
[11-Sep-2017 18:32:09 UTC] PHP   2. getimagesize() /home/ubuntu/workspace/modif/addphoto.php:34
[11-Sep-2017 18:32:09 UTC] PHP Warning:  getimagesize(../img/10.): failed to open stream: No such file or directory in /home/ubuntu/workspace/modif/addphoto.php on line 34
[11-Sep-2017 18:32:09 UTC] PHP Stack trace:
[11-Sep-2017 18:32:09 UTC] PHP   1. {main}() /home/ubuntu/workspace/modif/addphoto.php:0
[11-Sep-2017 18:32:09 UTC] PHP   2. getimagesize() /home/ubuntu/workspace/modif/addphoto.php:34
[11-Sep-2017 18:32:09 UTC] PHP Warning:  getimagesize(../img/11.): failed to open stream: No such file or directory in /home/ubuntu/workspace/modif/addphoto.php on line 34
[11-Sep-2017 18:32:09 UTC] PHP Stack trace:
[11-Sep-2017 18:32:09 UTC] PHP   1. {main}() /home/ubuntu/workspace/modif/addphoto.php:0
[11-Sep-2017 18:32:09 UTC] PHP   2. getimagesize() /home/ubuntu/workspace/modif/addphoto.php:34
[11-Sep-2017 18:32:09 UTC] PHP Warning:  getimagesize(../img/12.): failed to open stream: No such file or directory in /home/ubuntu/workspace/modif/addphoto.php on line 34
[11-Sep-2017 18:32:09 UTC] PHP Stack trace:
[11-Sep-2017 18:32:09 UTC] PHP   1. {main}() /home/ubuntu/workspace/modif/addphoto.php:0
[11-Sep-2017 18:32:09 UTC] PHP   2. getimagesize() /home/ubuntu/workspace/modif/addphoto.php:34
[11-Sep-2017 18:32:09 UTC] PHP Warning:  getimagesize(../img/13.): failed to open stream: No such file or directory in /home/ubuntu/workspace/modif/addphoto.php on line 34
[11-Sep-2017 18:32:09 UTC] PHP Stack trace:
[11-Sep-2017 18:32:09 UTC] PHP   1. {main}() /home/ubuntu/workspace/modif/addphoto.php:0
[11-Sep-2017 18:32:09 UTC] PHP   2. getimagesize() /home/ubuntu/workspace/modif/addphoto.php:34
[11-Sep-2017 18:32:09 UTC] PHP Warning:  getimagesize(../img/14.): failed to open stream: No such file or directory in /home/ubuntu/workspace/modif/addphoto.php on line 34
[11-Sep-2017 18:32:09 UTC] PHP Stack trace:
[11-Sep-2017 18:32:09 UTC] PHP   1. {main}() /home/ubuntu/workspace/modif/addphoto.php:0
[11-Sep-2017 18:32:09 UTC] PHP   2. getimagesize() /home/ubuntu/workspace/modif/addphoto.php:34
[11-Sep-2017 18:33:43 UTC] PHP Warning:  getimagesize(../img/17.): failed to open stream: No such file or directory in /home/ubuntu/workspace/modif/addphoto.php on line 34
[11-Sep-2017 18:33:43 UTC] PHP Stack trace:
[11-Sep-2017 18:33:43 UTC] PHP   1. {main}() /home/ubuntu/workspace/modif/addphoto.php:0
[11-Sep-2017 18:33:43 UTC] PHP   2. getimagesize() /home/ubuntu/workspace/modif/addphoto.php:34
[11-Sep-2017 18:33:43 UTC] PHP Warning:  getimagesize(../img/18.): failed to open stream: No such file or directory in /home/ubuntu/workspace/modif/addphoto.php on line 34
[11-Sep-2017 18:33:43 UTC] PHP Stack trace:
[11-Sep-2017 18:33:43 UTC] PHP   1. {main}() /home/ubuntu/workspace/modif/addphoto.php:0
[11-Sep-2017 18:33:43 UTC] PHP   2. getimagesize() /home/ubuntu/workspace/modif/addphoto.php:34
[11-Sep-2017 18:33:43 UTC] PHP Warning:  getimagesize(../img/19.): failed to open stream: No such file or directory in /home/ubuntu/workspace/modif/addphoto.php on line 34
[11-Sep-2017 18:33:43 UTC] PHP Stack trace:
[11-Sep-2017 18:33:43 UTC] PHP   1. {main}() /home/ubuntu/workspace/modif/addphoto.php:0
[11-Sep-2017 18:33:43 UTC] PHP   2. getimagesize() /home/ubuntu/workspace/modif/addphoto.php:34
[11-Sep-2017 18:33:43 UTC] PHP Warning:  getimagesize(../img/20.): failed to open stream: No such file or directory in /home/ubuntu/workspace/modif/addphoto.php on line 34
[11-Sep-2017 18:33:43 UTC] PHP Stack trace:
[11-Sep-2017 18:33:43 UTC] PHP   1. {main}() /home/ubuntu/workspace/modif/addphoto.php:0
[11-Sep-2017 18:33:43 UTC] PHP   2. getimagesize() /home/ubuntu/workspace/modif/addphoto.php:34
[11-Sep-2017 18:33:43 UTC] PHP Warning:  getimagesize(../img/21.): failed to open stream: No such file or directory in /home/ubuntu/workspace/modif/addphoto.php on line 34
[11-Sep-2017 18:33:43 UTC] PHP Stack trace:
[11-Sep-2017 18:33:43 UTC] PHP   1. {main}() /home/ubuntu/workspace/modif/addphoto.php:0
[11-Sep-2017 18:33:43 UTC] PHP   2. getimagesize() /home/ubuntu/workspace/modif/addphoto.php:34
[11-Sep-2017 18:33:43 UTC] PHP Warning:  getimagesize(../img/22.): failed to open stream: No such file or directory in /home/ubuntu/workspace/modif/addphoto.php on line 34
[11-Sep-2017 18:33:43 UTC] PHP Stack trace:
[11-Sep-2017 18:33:43 UTC] PHP   1. {main}() /home/ubuntu/workspace/modif/addphoto.php:0
[11-Sep-2017 18:33:43 UTC] PHP   2. getimagesize() /home/ubuntu/workspace/modif/addphoto.php:34
[11-Sep-2017 19:02:14 UTC] PHP Warning:  unlink(../img/9.): No such file or directory in /home/ubuntu/workspace/modif/deletephoto.php on line 12
[11-Sep-2017 19:02:14 UTC] PHP Stack trace:
[11-Sep-2017 19:02:14 UTC] PHP   1. {main}() /home/ubuntu/workspace/modif/deletephoto.php:0
[11-Sep-2017 19:02:14 UTC] PHP   2. unlink() /home/ubuntu/workspace/modif/deletephoto.php:12
[11-Sep-2017 19:02:14 UTC] PHP Warning:  unlink(../img/10.): No such file or directory in /home/ubuntu/workspace/modif/deletephoto.php on line 12
[11-Sep-2017 19:02:14 UTC] PHP Stack trace:
[11-Sep-2017 19:02:14 UTC] PHP   1. {main}() /home/ubuntu/workspace/modif/deletephoto.php:0
[11-Sep-2017 19:02:14 UTC] PHP   2. unlink() /home/ubuntu/workspace/modif/deletephoto.php:12
[11-Sep-2017 19:02:14 UTC] PHP Warning:  unlink(../img/11.): No such file or directory in /home/ubuntu/workspace/modif/deletephoto.php on line 12
[11-Sep-2017 19:02:14 UTC] PHP Stack trace:
[11-Sep-2017 19:02:14 UTC] PHP   1. {main}() /home/ubuntu/workspace/modif/deletephoto.php:0
[11-Sep-2017 19:02:14 UTC] PHP   2. unlink() /home/ubuntu/workspace/modif/deletephoto.php:12
[11-Sep-2017 19:02:14 UTC] PHP Warning:  unlink(../img/12.): No such file or directory in /home/ubuntu/workspace/modif/deletephoto.php on line 12
[11-Sep-2017 19:02:14 UTC] PHP Stack trace:
[11-Sep-2017 19:02:14 UTC] PHP   1. {main}() /home/ubuntu/workspace/modif/deletephoto.php:0
[11-Sep-2017 19:02:14 UTC] PHP   2. unlink() /home/ubuntu/workspace/modif/deletephoto.php:12
[11-Sep-2017 19:02:14 UTC] PHP Warning:  unlink(../img/13.): No such file or directory in /home/ubuntu/workspace/modif/deletephoto.php on line 12
[11-Sep-2017 19:02:14 UTC] PHP Stack trace:
[11-Sep-2017 19:02:14 UTC] PHP   1. {main}() /home/ubuntu/workspace/modif/deletephoto.php:0
[11-Sep-2017 19:02:14 UTC] PHP   2. unlink() /home/ubuntu/workspace/modif/deletephoto.php:12
[11-Sep-2017 19:02:14 UTC] PHP Warning:  unlink(../img/14.): No such file or directory in /home/ubuntu/workspace/modif/deletephoto.php on line 12
[11-Sep-2017 19:02:14 UTC] PHP Stack trace:
[11-Sep-2017 19:02:14 UTC] PHP   1. {main}() /home/ubuntu/workspace/modif/deletephoto.php:0
[11-Sep-2017 19:02:14 UTC] PHP   2. unlink() /home/ubuntu/workspace/modif/deletephoto.php:12
[11-Sep-2017 19:57:25 UTC] PHP Parse error:  syntax error, unexpected end of file in /home/ubuntu/workspace/modif/addphoto.php on line 196
